Drill report for flight controller.kicad_pcb
Created on 2026-01-30T19:38:34-0500

Copper Layer Stackup:
    =============================================================
    L1 :  F.Cu                      front
    L2 :  In1.Cu                    in1
    L3 :  In2.Cu                    in2
    L4 :  B.Cu                      back


Drill file 'flight controller-PTH.drl' contains
    plated through holes:
    =============================================================
    T1  0.300mm  0.0118"  (135 holes)
    T2  0.500mm  0.0197"  (5 holes)
    T3  0.600mm  0.0236"  (4 holes)  (with 4 slots)
    T4  0.950mm  0.0374"  (93 holes)
    T5  1.000mm  0.0394"  (2 holes)
    T6  1.200mm  0.0472"  (2 holes)
    T7  1.900mm  0.0748"  (2 holes)

    Total plated holes count 243


Drill file 'flight controller-NPTH.drl' contains
    unplated through holes:
    =============================================================
    T1  0.650mm  0.0256"  (2 holes)
    T2  2.700mm  0.1063"  (4 holes)

    Total unplated holes count 6
